This file contains any messages produced by compilers while
running configure, to aid debugging if configure makes a mistake.

It was created by test configure 0.1, which was
generated by GNU Autoconf 2.60.  Invocation command line was

  $ ./configure 

## --------- ##
## Platform. ##
## --------- ##

hostname = zenki-laptop
uname -m = i686
uname -r = 2.6.17-11-generic
uname -s = Linux
uname -v = #2 SMP Thu Feb 1 19:52:28 UTC 2007

/usr/bin/uname -p = unknown
/bin/uname -X     = unknown

/bin/arch              = i686
/usr/bin/arch -k       = unknown
/usr/convex/getsysinfo = unknown
/usr/bin/hostinfo      = unknown
/bin/machine           = unknown
/usr/bin/oslevel       = unknown
/bin/universe          = unknown

PATH: /usr/local/sbin
PATH: /usr/local/bin
PATH: /usr/sbin
PATH: /usr/bin
PATH: /sbin
PATH: /bin
PATH: /usr/bin/X11
PATH: /usr/games


## ----------- ##
## Core tests. ##
## ----------- ##

configure:1710: checking for a BSD-compatible install
configure:1766: result: /usr/bin/install -c
configure:1777: checking whether build environment is sane
configure:1820: result: yes
configure:1885: checking for gawk
configure:1915: result: no
configure:1885: checking for mawk
configure:1901: found /usr/bin/mawk
configure:1912: result: mawk
configure:1923: checking whether make sets $(MAKE)
configure:1944: result: yes
configure:2179: checking for gcc
configure:2195: found /usr/bin/gcc
configure:2206: result: gcc
configure:2444: checking for C compiler version
configure:2451: gcc --version >&5
gcc (GCC) 4.1.2 20060928 (prerelease) (Ubuntu 4.1.1-13ubuntu5)
Copyright (C) 2006 Free Software Foundation, Inc.
This is free software; see the source for copying conditions.  There is NO
warranty; not even for MERCHANTABILITY or FITNESS FOR A PARTICULAR PURPOSE.

configure:2454: $? = 0
configure:2461: gcc -v >&5
Using built-in specs.
Target: i486-linux-gnu
Configured with: ../src/configure -v --enable-languages=c,c++,fortran,objc,obj-c++,treelang --prefix=/usr --enable-shared --with-system-zlib --libexecdir=/usr/lib --without-included-gettext --enable-threads=posix --enable-nls --program-suffix=-4.1 --enable-__cxa_atexit --enable-clocale=gnu --enable-libstdcxx-debug --enable-mpfr --enable-checking=release i486-linux-gnu
Thread model: posix
gcc version 4.1.2 20060928 (prerelease) (Ubuntu 4.1.1-13ubuntu5)
configure:2464: $? = 0
configure:2471: gcc -V >&5
gcc: '-V' option must have argument
configure:2474: $? = 1
configure:2497: checking for C compiler default output file name
configure:2524: gcc    conftest.c  >&5
configure:2527: $? = 0
configure:2573: result: a.out
configure:2578: checking whether the C compiler works
configure:2588: ./a.out
configure:2591: $? = 0
configure:2608: result: yes
configure:2615: checking whether we are cross compiling
configure:2617: result: no
configure:2620: checking for suffix of executables
configure:2627: gcc -o conftest    conftest.c  >&5
configure:2630: $? = 0
configure:2654: result: 
configure:2660: checking for suffix of object files
configure:2686: gcc -c   conftest.c >&5
configure:2689: $? = 0
configure:2712: result: o
configure:2716: checking whether we are using the GNU C compiler
configure:2745: gcc -c   conftest.c >&5
configure:2751: $? = 0
configure:2758: test -z "$ac_c_werror_flag" || test ! -s conftest.err
configure:2761: $? = 0
configure:2768: test -s conftest.o
configure:2771: $? = 0
configure:2785: result: yes
configure:2790: checking whether gcc accepts -g
configure:2820: gcc -c -g  conftest.c >&5
configure:2826: $? = 0
configure:2833: test -z "$ac_c_werror_flag" || test ! -s conftest.err
configure:2836: $? = 0
configure:2843: test -s conftest.o
configure:2846: $? = 0
configure:2976: result: yes
configure:2993: checking for gcc option to accept ISO C89
configure:3067: gcc  -c -g -O2  conftest.c >&5
configure:3073: $? = 0
configure:3080: test -z "$ac_c_werror_flag" || test ! -s conftest.err
configure:3083: $? = 0
configure:3090: test -s conftest.o
configure:3093: $? = 0
configure:3113: result: none needed
configure:3142: checking for style of include used by make
configure:3170: result: GNU
configure:3198: checking dependency style of gcc
configure:3288: result: gcc3
configure:3460: creating ./config.status

## ---------------------- ##
## Running config.status. ##
## ---------------------- ##

This file was extended by test config.status 0.1, which was
generated by GNU Autoconf 2.60.  Invocation command line was

  CONFIG_FILES    = 
  CONFIG_HEADERS  = 
  CONFIG_LINKS    = 
  CONFIG_COMMANDS = 
  $ ./config.status 

on zenki-laptop

config.status:600: creating Makefile
config.status:785: executing depfiles commands

## ---------------- ##
## Cache variables. ##
## ---------------- ##

ac_cv_c_compiler_gnu=yes
ac_cv_env_CC_set=
ac_cv_env_CC_value=
ac_cv_env_CFLAGS_set=
ac_cv_env_CFLAGS_value=
ac_cv_env_CPPFLAGS_set=
ac_cv_env_CPPFLAGS_value=
ac_cv_env_LDFLAGS_set=
ac_cv_env_LDFLAGS_value=
ac_cv_env_build_alias_set=
ac_cv_env_build_alias_value=
ac_cv_env_host_alias_set=
ac_cv_env_host_alias_value=
ac_cv_env_target_alias_set=
ac_cv_env_target_alias_value=
ac_cv_objext=o
ac_cv_path_install='/usr/bin/install -c'
ac_cv_prog_AWK=mawk
ac_cv_prog_ac_ct_CC=gcc
ac_cv_prog_cc_c89=
ac_cv_prog_cc_g=yes
ac_cv_prog_make_make_set=yes
am_cv_CC_dependencies_compiler_type=gcc3

## ----------------- ##
## Output variables. ##
## ----------------- ##

ACLOCAL='${SHELL} /home/zenki/study/automake/src/missing --run aclocal-1.9'
AMDEPBACKSLASH='\'
AMDEP_FALSE='#'
AMDEP_TRUE=''
AMTAR='${SHELL} /home/zenki/study/automake/src/missing --run tar'
AUTOCONF='${SHELL} /home/zenki/study/automake/src/missing --run autoconf'
AUTOHEADER='${SHELL} /home/zenki/study/automake/src/missing --run autoheader'
AUTOMAKE='${SHELL} /home/zenki/study/automake/src/missing --run automake-1.9'
AWK='mawk'
CC='gcc'
CCDEPMODE='depmode=gcc3'
CFLAGS='-g -O2'
CPPFLAGS=''
CYGPATH_W='echo'
DEFS='-DPACKAGE_NAME=\"test\" -DPACKAGE_TARNAME=\"test\" -DPACKAGE_VERSION=\"0.1\" -DPACKAGE_STRING=\"test\ 0.1\" -DPACKAGE_BUGREPORT=\"\" -DPACKAGE=\"test\" -DVERSION=\"0.1\"'
DEPDIR='.deps'
ECHO_C=''
ECHO_N='-n'
ECHO_T=''
EXEEXT=''
INSTALL_DATA='${INSTALL} -m 644'
INSTALL_PROGRAM='${INSTALL}'
INSTALL_SCRIPT='${INSTALL}'
INSTALL_STRIP_PROGRAM='${SHELL} $(install_sh) -c -s'
LDFLAGS=''
LIBOBJS=''
LIBS=''
LTLIBOBJS=''
MAKEINFO='${SHELL} /home/zenki/study/automake/src/missing --run makeinfo'
OBJEXT='o'
PACKAGE='test'
PACKAGE_BUGREPORT=''
PACKAGE_NAME='test'
PACKAGE_STRING='test 0.1'
PACKAGE_TARNAME='test'
PACKAGE_VERSION='0.1'
PATH_SEPARATOR=':'
SET_MAKE=''
SHELL='/bin/bash'
STRIP=''
VERSION='0.1'
ac_ct_CC='gcc'
am__fastdepCC_FALSE='#'
am__fastdepCC_TRUE=''
am__include='include'
am__leading_dot='.'
am__quote=''
am__tar='${AMTAR} chof - "$$tardir"'
am__untar='${AMTAR} xf -'
bindir='${exec_prefix}/bin'
build_alias=''
datadir='${datarootdir}'
datarootdir='${prefix}/share'
docdir='${datarootdir}/doc/${PACKAGE_TARNAME}'
dvidir='${docdir}'
exec_prefix='${prefix}'
host_alias=''
htmldir='${docdir}'
includedir='${prefix}/include'
infodir='${datarootdir}/info'
install_sh='/home/zenki/study/automake/src/install-sh'
libdir='${exec_prefix}/lib'
libexecdir='${exec_prefix}/libexec'
localedir='${datarootdir}/locale'
localstatedir='${prefix}/var'
mandir='${datarootdir}/man'
mkdir_p='mkdir -p --'
oldincludedir='/usr/include'
pdfdir='${docdir}'
prefix='/usr/local'
program_transform_name='s,x,x,'
psdir='${docdir}'
sbindir='${exec_prefix}/sbin'
sharedstatedir='${prefix}/com'
sysconfdir='${prefix}/etc'
target_alias=''

## ----------- ##
## confdefs.h. ##
## ----------- ##

#define PACKAGE_NAME "test"
#define PACKAGE_TARNAME "test"
#define PACKAGE_VERSION "0.1"
#define PACKAGE_STRING "test 0.1"
#define PACKAGE_BUGREPORT ""
#define PACKAGE "test"
#define VERSION "0.1"

configure: exit 0
