This file contains any messages produced by compilers while
running configure, to aid debugging if configure makes a mistake.

It was created by codeserver configure 1.22, which was
generated by GNU Autoconf 2.60.  Invocation command line was

  $ ./configure 

## --------- ##
## Platform. ##
## --------- ##

hostname = zenki-laptop
uname -m = i686
uname -r = 2.6.26-2-686-bigmem
uname -s = Linux
uname -v = #1 SMP Sun Jun 21 05:40:38 UTC 2009

/usr/bin/uname -p = unknown
/bin/uname -X     = unknown

/bin/arch              = unknown
/usr/bin/arch -k       = unknown
/usr/convex/getsysinfo = unknown
/usr/bin/hostinfo      = unknown
/bin/machine           = unknown
/usr/bin/oslevel       = unknown
/bin/universe          = unknown

PATH: /usr/local/bin
PATH: /usr/bin
PATH: /bin
PATH: /usr/games


## ----------- ##
## Core tests. ##
## ----------- ##

configure:1751: checking for a BSD-compatible install
configure:1807: result: /usr/bin/install -c
configure:1818: checking whether build environment is sane
configure:1861: result: yes
configure:1926: checking for gawk
configure:1956: result: no
configure:1926: checking for mawk
configure:1942: found /usr/bin/mawk
configure:1953: result: mawk
configure:1964: checking whether make sets $(MAKE)
configure:1985: result: yes
configure:2220: checking for gcc
configure:2236: found /usr/bin/gcc
configure:2247: result: gcc
configure:2485: checking for C compiler version
configure:2492: gcc --version >&5
gcc (Debian 4.3.2-1.1) 4.3.2
Copyright (C) 2008 Free Software Foundation, Inc.
This is free software; see the source for copying conditions.  There is NO
warranty; not even for MERCHANTABILITY or FITNESS FOR A PARTICULAR PURPOSE.

configure:2495: $? = 0
configure:2502: gcc -v >&5
Using built-in specs.
Target: i486-linux-gnu
Configured with: ../src/configure -v --with-pkgversion='Debian 4.3.2-1.1' --with-bugurl=file:///usr/share/doc/gcc-4.3/README.Bugs --enable-languages=c,c++,fortran,objc,obj-c++ --prefix=/usr --enable-shared --with-system-zlib --libexecdir=/usr/lib --without-included-gettext --enable-threads=posix --enable-nls --with-gxx-include-dir=/usr/include/c++/4.3 --program-suffix=-4.3 --enable-clocale=gnu --enable-libstdcxx-debug --enable-objc-gc --enable-mpfr --enable-targets=all --enable-cld --enable-checking=release --build=i486-linux-gnu --host=i486-linux-gnu --target=i486-linux-gnu
Thread model: posix
gcc version 4.3.2 (Debian 4.3.2-1.1) 
configure:2505: $? = 0
configure:2512: gcc -V >&5
gcc: '-V' option must have argument
configure:2515: $? = 1
configure:2538: checking for C compiler default output file name
configure:2565: gcc    conftest.c  >&5
configure:2568: $? = 0
configure:2614: result: a.out
configure:2619: checking whether the C compiler works
configure:2629: ./a.out
configure:2632: $? = 0
configure:2649: result: yes
configure:2656: checking whether we are cross compiling
configure:2658: result: no
configure:2661: checking for suffix of executables
configure:2668: gcc -o conftest    conftest.c  >&5
configure:2671: $? = 0
configure:2695: result: 
configure:2701: checking for suffix of object files
configure:2727: gcc -c   conftest.c >&5
configure:2730: $? = 0
configure:2753: result: o
configure:2757: checking whether we are using the GNU C compiler
configure:2786: gcc -c   conftest.c >&5
configure:2792: $? = 0
configure:2799: test -z "$ac_c_werror_flag" || test ! -s conftest.err
configure:2802: $? = 0
configure:2809: test -s conftest.o
configure:2812: $? = 0
configure:2826: result: yes
configure:2831: checking whether gcc accepts -g
configure:2861: gcc -c -g  conftest.c >&5
configure:2867: $? = 0
configure:2874: test -z "$ac_c_werror_flag" || test ! -s conftest.err
configure:2877: $? = 0
configure:2884: test -s conftest.o
configure:2887: $? = 0
configure:3017: result: yes
configure:3034: checking for gcc option to accept ISO C89
configure:3108: gcc  -c -g -O2  conftest.c >&5
configure:3114: $? = 0
configure:3121: test -z "$ac_c_werror_flag" || test ! -s conftest.err
configure:3124: $? = 0
configure:3131: test -s conftest.o
configure:3134: $? = 0
configure:3154: result: none needed
configure:3183: checking for style of include used by make
configure:3211: result: GNU
configure:3239: checking dependency style of gcc
configure:3329: result: gcc3
configure:3358: checking how to run the C preprocessor
configure:3398: gcc -E  conftest.c
configure:3404: $? = 0
configure:3442: gcc -E  conftest.c
conftest.c:10:28: error: ac_nonexistent.h: No such file or directory
configure:3448: $? = 1
configure: failed program was:
| /* confdefs.h.  */
| #define PACKAGE_NAME "codeserver"
| #define PACKAGE_TARNAME "codeserver"
| #define PACKAGE_VERSION "1.22"
| #define PACKAGE_STRING "codeserver 1.22"
| #define PACKAGE_BUGREPORT ""
| #define PACKAGE "codeserver"
| #define VERSION "1.22"
| /* end confdefs.h.  */
| #include <ac_nonexistent.h>
configure:3488: result: gcc -E
configure:3517: gcc -E  conftest.c
configure:3523: $? = 0
configure:3561: gcc -E  conftest.c
conftest.c:10:28: error: ac_nonexistent.h: No such file or directory
configure:3567: $? = 1
configure: failed program was:
| /* confdefs.h.  */
| #define PACKAGE_NAME "codeserver"
| #define PACKAGE_TARNAME "codeserver"
| #define PACKAGE_VERSION "1.22"
| #define PACKAGE_STRING "codeserver 1.22"
| #define PACKAGE_BUGREPORT ""
| #define PACKAGE "codeserver"
| #define VERSION "1.22"
| /* end confdefs.h.  */
| #include <ac_nonexistent.h>
configure:3612: checking for grep that handles long lines and -e
configure:3686: result: /bin/grep
configure:3691: checking for egrep
configure:3769: result: /bin/grep -E
configure:3774: checking for ANSI C header files
configure:3804: gcc -c -g -O2  conftest.c >&5
configure:3810: $? = 0
configure:3817: test -z "$ac_c_werror_flag" || test ! -s conftest.err
configure:3820: $? = 0
configure:3827: test -s conftest.o
configure:3830: $? = 0
configure:3926: gcc -o conftest -g -O2   conftest.c  -L../lib -lSDL -lpthread -lds40xxhc >&5
/usr/bin/ld: cannot find -lds40xxhc
collect2: ld returned 1 exit status
configure:3929: $? = 1
configure: program exited with status 1
configure: failed program was:
| /* confdefs.h.  */
| #define PACKAGE_NAME "codeserver"
| #define PACKAGE_TARNAME "codeserver"
| #define PACKAGE_VERSION "1.22"
| #define PACKAGE_STRING "codeserver 1.22"
| #define PACKAGE_BUGREPORT ""
| #define PACKAGE "codeserver"
| #define VERSION "1.22"
| /* end confdefs.h.  */
| #include <ctype.h>
| #include <stdlib.h>
| #if ((' ' & 0x0FF) == 0x020)
| # define ISLOWER(c) ('a' <= (c) && (c) <= 'z')
| # define TOUPPER(c) (ISLOWER(c) ? 'A' + ((c) - 'a') : (c))
| #else
| # define ISLOWER(c) 		   (('a' <= (c) && (c) <= 'i') 		     || ('j' <= (c) && (c) <= 'r') 		     || ('s' <= (c) && (c) <= 'z'))
| # define TOUPPER(c) (ISLOWER(c) ? ((c) | 0x40) : (c))
| #endif
| 
| #define XOR(e, f) (((e) && !(f)) || (!(e) && (f)))
| int
| main ()
| {
|   int i;
|   for (i = 0; i < 256; i++)
|     if (XOR (islower (i), ISLOWER (i))
| 	|| toupper (i) != TOUPPER (i))
|       return 2;
|   return 0;
| }
configure:3955: result: no
configure:3979: checking for sys/types.h
configure:4000: gcc -c -g -O2  conftest.c >&5
configure:4006: $? = 0
configure:4013: test -z "$ac_c_werror_flag" || test ! -s conftest.err
configure:4016: $? = 0
configure:4023: test -s conftest.o
configure:4026: $? = 0
configure:4039: result: yes
configure:3979: checking for sys/stat.h
configure:4000: gcc -c -g -O2  conftest.c >&5
configure:4006: $? = 0
configure:4013: test -z "$ac_c_werror_flag" || test ! -s conftest.err
configure:4016: $? = 0
configure:4023: test -s conftest.o
configure:4026: $? = 0
configure:4039: result: yes
configure:3979: checking for stdlib.h
configure:4000: gcc -c -g -O2  conftest.c >&5
configure:4006: $? = 0
configure:4013: test -z "$ac_c_werror_flag" || test ! -s conftest.err
configure:4016: $? = 0
configure:4023: test -s conftest.o
configure:4026: $? = 0
configure:4039: result: yes
configure:3979: checking for string.h
configure:4000: gcc -c -g -O2  conftest.c >&5
configure:4006: $? = 0
configure:4013: test -z "$ac_c_werror_flag" || test ! -s conftest.err
configure:4016: $? = 0
configure:4023: test -s conftest.o
configure:4026: $? = 0
configure:4039: result: yes
configure:3979: checking for memory.h
configure:4000: gcc -c -g -O2  conftest.c >&5
configure:4006: $? = 0
configure:4013: test -z "$ac_c_werror_flag" || test ! -s conftest.err
configure:4016: $? = 0
configure:4023: test -s conftest.o
configure:4026: $? = 0
configure:4039: result: yes
configure:3979: checking for strings.h
configure:4000: gcc -c -g -O2  conftest.c >&5
configure:4006: $? = 0
configure:4013: test -z "$ac_c_werror_flag" || test ! -s conftest.err
configure:4016: $? = 0
configure:4023: test -s conftest.o
configure:4026: $? = 0
configure:4039: result: yes
configure:3979: checking for inttypes.h
configure:4000: gcc -c -g -O2  conftest.c >&5
configure:4006: $? = 0
configure:4013: test -z "$ac_c_werror_flag" || test ! -s conftest.err
configure:4016: $? = 0
configure:4023: test -s conftest.o
configure:4026: $? = 0
configure:4039: result: yes
configure:3979: checking for stdint.h
configure:4000: gcc -c -g -O2  conftest.c >&5
configure:4006: $? = 0
configure:4013: test -z "$ac_c_werror_flag" || test ! -s conftest.err
configure:4016: $? = 0
configure:4023: test -s conftest.o
configure:4026: $? = 0
configure:4039: result: yes
configure:3979: checking for unistd.h
configure:4000: gcc -c -g -O2  conftest.c >&5
configure:4006: $? = 0
configure:4013: test -z "$ac_c_werror_flag" || test ! -s conftest.err
configure:4016: $? = 0
configure:4023: test -s conftest.o
configure:4026: $? = 0
configure:4039: result: yes
configure:4074: checking arpa/inet.h usability
configure:4091: gcc -c -g -O2  conftest.c >&5
configure:4097: $? = 0
configure:4104: test -z "$ac_c_werror_flag" || test ! -s conftest.err
configure:4107: $? = 0
configure:4114: test -s conftest.o
configure:4117: $? = 0
configure:4128: result: yes
configure:4132: checking arpa/inet.h presence
configure:4147: gcc -E  conftest.c
configure:4153: $? = 0
configure:4174: result: yes
configure:4202: checking for arpa/inet.h
configure:4210: result: yes
configure:4074: checking fcntl.h usability
configure:4091: gcc -c -g -O2  conftest.c >&5
configure:4097: $? = 0
configure:4104: test -z "$ac_c_werror_flag" || test ! -s conftest.err
configure:4107: $? = 0
configure:4114: test -s conftest.o
configure:4117: $? = 0
configure:4128: result: yes
configure:4132: checking fcntl.h presence
configure:4147: gcc -E  conftest.c
configure:4153: $? = 0
configure:4174: result: yes
configure:4202: checking for fcntl.h
configure:4210: result: yes
configure:4074: checking netinet/in.h usability
configure:4091: gcc -c -g -O2  conftest.c >&5
configure:4097: $? = 0
configure:4104: test -z "$ac_c_werror_flag" || test ! -s conftest.err
configure:4107: $? = 0
configure:4114: test -s conftest.o
configure:4117: $? = 0
configure:4128: result: yes
configure:4132: checking netinet/in.h presence
configure:4147: gcc -E  conftest.c
configure:4153: $? = 0
configure:4174: result: yes
configure:4202: checking for netinet/in.h
configure:4210: result: yes
configure:4064: checking for stdlib.h
configure:4070: result: yes
configure:4064: checking for string.h
configure:4070: result: yes
configure:4064: checking for strings.h
configure:4070: result: yes
configure:4074: checking sys/socket.h usability
configure:4091: gcc -c -g -O2  conftest.c >&5
configure:4097: $? = 0
configure:4104: test -z "$ac_c_werror_flag" || test ! -s conftest.err
configure:4107: $? = 0
configure:4114: test -s conftest.o
configure:4117: $? = 0
configure:4128: result: yes
configure:4132: checking sys/socket.h presence
configure:4147: gcc -E  conftest.c
configure:4153: $? = 0
configure:4174: result: yes
configure:4202: checking for sys/socket.h
configure:4210: result: yes
configure:4074: checking sys/time.h usability
configure:4091: gcc -c -g -O2  conftest.c >&5
configure:4097: $? = 0
configure:4104: test -z "$ac_c_werror_flag" || test ! -s conftest.err
configure:4107: $? = 0
configure:4114: test -s conftest.o
configure:4117: $? = 0
configure:4128: result: yes
configure:4132: checking sys/time.h presence
configure:4147: gcc -E  conftest.c
configure:4153: $? = 0
configure:4174: result: yes
configure:4202: checking for sys/time.h
configure:4210: result: yes
configure:4064: checking for unistd.h
configure:4070: result: yes
configure:4225: checking for an ANSI C-conforming const
configure:4300: gcc -c -g -O2  conftest.c >&5
configure:4306: $? = 0
configure:4313: test -z "$ac_c_werror_flag" || test ! -s conftest.err
configure:4316: $? = 0
configure:4323: test -s conftest.o
configure:4326: $? = 0
configure:4338: result: yes
configure:4348: checking for pid_t
configure:4378: gcc -c -g -O2  conftest.c >&5
configure:4384: $? = 0
configure:4391: test -z "$ac_c_werror_flag" || test ! -s conftest.err
configure:4394: $? = 0
configure:4401: test -s conftest.o
configure:4404: $? = 0
configure:4416: result: yes
configure:4428: checking for size_t
configure:4458: gcc -c -g -O2  conftest.c >&5
configure:4464: $? = 0
configure:4471: test -z "$ac_c_werror_flag" || test ! -s conftest.err
configure:4474: $? = 0
configure:4481: test -s conftest.o
configure:4484: $? = 0
configure:4496: result: yes
configure:4508: checking whether time.h and sys/time.h may both be included
configure:4538: gcc -c -g -O2  conftest.c >&5
configure:4544: $? = 0
configure:4551: test -z "$ac_c_werror_flag" || test ! -s conftest.err
configure:4554: $? = 0
configure:4561: test -s conftest.o
configure:4564: $? = 0
configure:4576: result: yes
configure:4586: checking whether struct tm is in sys/time.h or time.h
configure:4614: gcc -c -g -O2  conftest.c >&5
configure:4620: $? = 0
configure:4627: test -z "$ac_c_werror_flag" || test ! -s conftest.err
configure:4630: $? = 0
configure:4637: test -s conftest.o
configure:4640: $? = 0
configure:4652: result: time.h
configure:4679: checking vfork.h usability
configure:4696: gcc -c -g -O2  conftest.c >&5
conftest.c:62:19: error: vfork.h: No such file or directory
configure:4702: $? = 1
configure: failed program was:
| /* confdefs.h.  */
| #define PACKAGE_NAME "codeserver"
| #define PACKAGE_TARNAME "codeserver"
| #define PACKAGE_VERSION "1.22"
| #define PACKAGE_STRING "codeserver 1.22"
| #define PACKAGE_BUGREPORT ""
| #define PACKAGE "codeserver"
| #define VERSION "1.22"
| #define HAVE_SYS_TYPES_H 1
| #define HAVE_SYS_STAT_H 1
| #define HAVE_STDLIB_H 1
| #define HAVE_STRING_H 1
| #define HAVE_MEMORY_H 1
| #define HAVE_STRINGS_H 1
| #define HAVE_INTTYPES_H 1
| #define HAVE_STDINT_H 1
| #define HAVE_UNISTD_H 1
| #define HAVE_ARPA_INET_H 1
| #define HAVE_FCNTL_H 1
| #define HAVE_NETINET_IN_H 1
| #define HAVE_STDLIB_H 1
| #define HAVE_STRING_H 1
| #define HAVE_STRINGS_H 1
| #define HAVE_SYS_SOCKET_H 1
| #define HAVE_SYS_TIME_H 1
| #define HAVE_UNISTD_H 1
| #define TIME_WITH_SYS_TIME 1
| /* end confdefs.h.  */
| #include <stdio.h>
| #if HAVE_SYS_TYPES_H
| # include <sys/types.h>
| #endif
| #if HAVE_SYS_STAT_H
| # include <sys/stat.h>
| #endif
| #if STDC_HEADERS
| # include <stdlib.h>
| # include <stddef.h>
| #else
| # if HAVE_STDLIB_H
| #  include <stdlib.h>
| # endif
| #endif
| #if HAVE_STRING_H
| # if !STDC_HEADERS && HAVE_MEMORY_H
| #  include <memory.h>
| # endif
| # include <string.h>
| #endif
| #if HAVE_STRINGS_H
| # include <strings.h>
| #endif
| #if HAVE_INTTYPES_H
| # include <inttypes.h>
| #endif
| #if HAVE_STDINT_H
| # include <stdint.h>
| #endif
| #if HAVE_UNISTD_H
| # include <unistd.h>
| #endif
| #include <vfork.h>
configure:4733: result: no
configure:4737: checking vfork.h presence
configure:4752: gcc -E  conftest.c
conftest.c:29:19: error: vfork.h: No such file or directory
configure:4758: $? = 1
configure: failed program was:
| /* confdefs.h.  */
| #define PACKAGE_NAME "codeserver"
| #define PACKAGE_TARNAME "codeserver"
| #define PACKAGE_VERSION "1.22"
| #define PACKAGE_STRING "codeserver 1.22"
| #define PACKAGE_BUGREPORT ""
| #define PACKAGE "codeserver"
| #define VERSION "1.22"
| #define HAVE_SYS_TYPES_H 1
| #define HAVE_SYS_STAT_H 1
| #define HAVE_STDLIB_H 1
| #define HAVE_STRING_H 1
| #define HAVE_MEMORY_H 1
| #define HAVE_STRINGS_H 1
| #define HAVE_INTTYPES_H 1
| #define HAVE_STDINT_H 1
| #define HAVE_UNISTD_H 1
| #define HAVE_ARPA_INET_H 1
| #define HAVE_FCNTL_H 1
| #define HAVE_NETINET_IN_H 1
| #define HAVE_STDLIB_H 1
| #define HAVE_STRING_H 1
| #define HAVE_STRINGS_H 1
| #define HAVE_SYS_SOCKET_H 1
| #define HAVE_SYS_TIME_H 1
| #define HAVE_UNISTD_H 1
| #define TIME_WITH_SYS_TIME 1
| /* end confdefs.h.  */
| #include <vfork.h>
configure:4779: result: no
configure:4807: checking for vfork.h
configure:4815: result: no
configure:4833: checking for fork
configure:4889: gcc -o conftest -g -O2   conftest.c  -L../lib -lSDL -lpthread -lds40xxhc >&5
conftest.c:52: warning: conflicting types for built-in function 'fork'
/usr/bin/ld: cannot find -lds40xxhc
collect2: ld returned 1 exit status
configure:4895: $? = 1
configure: failed program was:
| /* confdefs.h.  */
| #define PACKAGE_NAME "codeserver"
| #define PACKAGE_TARNAME "codeserver"
| #define PACKAGE_VERSION "1.22"
| #define PACKAGE_STRING "codeserver 1.22"
| #define PACKAGE_BUGREPORT ""
| #define PACKAGE "codeserver"
| #define VERSION "1.22"
| #define HAVE_SYS_TYPES_H 1
| #define HAVE_SYS_STAT_H 1
| #define HAVE_STDLIB_H 1
| #define HAVE_STRING_H 1
| #define HAVE_MEMORY_H 1
| #define HAVE_STRINGS_H 1
| #define HAVE_INTTYPES_H 1
| #define HAVE_STDINT_H 1
| #define HAVE_UNISTD_H 1
| #define HAVE_ARPA_INET_H 1
| #define HAVE_FCNTL_H 1
| #define HAVE_NETINET_IN_H 1
| #define HAVE_STDLIB_H 1
| #define HAVE_STRING_H 1
| #define HAVE_STRINGS_H 1
| #define HAVE_SYS_SOCKET_H 1
| #define HAVE_SYS_TIME_H 1
| #define HAVE_UNISTD_H 1
| #define TIME_WITH_SYS_TIME 1
| /* end confdefs.h.  */
| /* Define fork to an innocuous variant, in case <limits.h> declares fork.
|    For example, HP-UX 11i <limits.h> declares gettimeofday.  */
| #define fork innocuous_fork
| 
| /* System header to define __stub macros and hopefully few prototypes,
|     which can conflict with char fork (); below.
|     Prefer <limits.h> to <assert.h> if __STDC__ is defined, since
|     <limits.h> exists even on freestanding compilers.  */
| 
| #ifdef __STDC__
| # include <limits.h>
| #else
| # include <assert.h>
| #endif
| 
| #undef fork
| 
| /* Override any GCC internal prototype to avoid an error.
|    Use char because int might match the return type of a GCC
|    builtin and then its argument prototype would still apply.  */
| #ifdef __cplusplus
| extern "C"
| #endif
| char fork ();
| /* The GNU C library defines this for functions which it implements
|     to always fail with ENOSYS.  Some functions are actually named
|     something starting with __ and the normal name is an alias.  */
| #if defined __stub_fork || defined __stub___fork
| choke me
| #endif
| 
| int
| main ()
| {
| return fork ();
|   ;
|   return 0;
| }
configure:4929: result: no
configure:4833: checking for vfork
configure:4889: gcc -o conftest -g -O2   conftest.c  -L../lib -lSDL -lpthread -lds40xxhc >&5
/usr/bin/ld: cannot find -lds40xxhc
collect2: ld returned 1 exit status
configure:4895: $? = 1
configure: failed program was:
| /* confdefs.h.  */
| #define PACKAGE_NAME "codeserver"
| #define PACKAGE_TARNAME "codeserver"
| #define PACKAGE_VERSION "1.22"
| #define PACKAGE_STRING "codeserver 1.22"
| #define PACKAGE_BUGREPORT ""
| #define PACKAGE "codeserver"
| #define VERSION "1.22"
| #define HAVE_SYS_TYPES_H 1
| #define HAVE_SYS_STAT_H 1
| #define HAVE_STDLIB_H 1
| #define HAVE_STRING_H 1
| #define HAVE_MEMORY_H 1
| #define HAVE_STRINGS_H 1
| #define HAVE_INTTYPES_H 1
| #define HAVE_STDINT_H 1
| #define HAVE_UNISTD_H 1
| #define HAVE_ARPA_INET_H 1
| #define HAVE_FCNTL_H 1
| #define HAVE_NETINET_IN_H 1
| #define HAVE_STDLIB_H 1
| #define HAVE_STRING_H 1
| #define HAVE_STRINGS_H 1
| #define HAVE_SYS_SOCKET_H 1
| #define HAVE_SYS_TIME_H 1
| #define HAVE_UNISTD_H 1
| #define TIME_WITH_SYS_TIME 1
| /* end confdefs.h.  */
| /* Define vfork to an innocuous variant, in case <limits.h> declares vfork.
|    For example, HP-UX 11i <limits.h> declares gettimeofday.  */
| #define vfork innocuous_vfork
| 
| /* System header to define __stub macros and hopefully few prototypes,
|     which can conflict with char vfork (); below.
|     Prefer <limits.h> to <assert.h> if __STDC__ is defined, since
|     <limits.h> exists even on freestanding compilers.  */
| 
| #ifdef __STDC__
| # include <limits.h>
| #else
| # include <assert.h>
| #endif
| 
| #undef vfork
| 
| /* Override any GCC internal prototype to avoid an error.
|    Use char because int might match the return type of a GCC
|    builtin and then its argument prototype would still apply.  */
| #ifdef __cplusplus
| extern "C"
| #endif
| char vfork ();
| /* The GNU C library defines this for functions which it implements
|     to always fail with ENOSYS.  Some functions are actually named
|     something starting with __ and the normal name is an alias.  */
| #if defined __stub_vfork || defined __stub___vfork
| choke me
| #endif
| 
| int
| main ()
| {
| return vfork ();
|   ;
|   return 0;
| }
configure:4929: result: no
configure:5195: checking for stdlib.h
configure:5201: result: yes
configure:5354: checking for GNU libc compatible malloc
configure:5388: gcc -o conftest -g -O2   conftest.c  -L../lib -lSDL -lpthread -lds40xxhc >&5
/usr/bin/ld: cannot find -lds40xxhc
collect2: ld returned 1 exit status
configure:5391: $? = 1
configure: program exited with status 1
configure: failed program was:
| /* confdefs.h.  */
| #define PACKAGE_NAME "codeserver"
| #define PACKAGE_TARNAME "codeserver"
| #define PACKAGE_VERSION "1.22"
| #define PACKAGE_STRING "codeserver 1.22"
| #define PACKAGE_BUGREPORT ""
| #define PACKAGE "codeserver"
| #define VERSION "1.22"
| #define HAVE_SYS_TYPES_H 1
| #define HAVE_SYS_STAT_H 1
| #define HAVE_STDLIB_H 1
| #define HAVE_STRING_H 1
| #define HAVE_MEMORY_H 1
| #define HAVE_STRINGS_H 1
| #define HAVE_INTTYPES_H 1
| #define HAVE_STDINT_H 1
| #define HAVE_UNISTD_H 1
| #define HAVE_ARPA_INET_H 1
| #define HAVE_FCNTL_H 1
| #define HAVE_NETINET_IN_H 1
| #define HAVE_STDLIB_H 1
| #define HAVE_STRING_H 1
| #define HAVE_STRINGS_H 1
| #define HAVE_SYS_SOCKET_H 1
| #define HAVE_SYS_TIME_H 1
| #define HAVE_UNISTD_H 1
| #define TIME_WITH_SYS_TIME 1
| #define vfork fork
| #define HAVE_STDLIB_H 1
| /* end confdefs.h.  */
| #if STDC_HEADERS || HAVE_STDLIB_H
| # include <stdlib.h>
| #else
| char *malloc ();
| #endif
| 
| int
| main ()
| {
| return ! malloc (0);
|   ;
|   return 0;
| }
configure:5416: result: no
configure:5444: checking for working memcmp
configure:5497: gcc -o conftest -g -O2   conftest.c  -L../lib -lSDL -lpthread -lds40xxhc >&5
/usr/bin/ld: cannot find -lds40xxhc
collect2: ld returned 1 exit status
configure:5500: $? = 1
configure: program exited with status 1
configure: failed program was:
| /* confdefs.h.  */
| #define PACKAGE_NAME "codeserver"
| #define PACKAGE_TARNAME "codeserver"
| #define PACKAGE_VERSION "1.22"
| #define PACKAGE_STRING "codeserver 1.22"
| #define PACKAGE_BUGREPORT ""
| #define PACKAGE "codeserver"
| #define VERSION "1.22"
| #define HAVE_SYS_TYPES_H 1
| #define HAVE_SYS_STAT_H 1
| #define HAVE_STDLIB_H 1
| #define HAVE_STRING_H 1
| #define HAVE_MEMORY_H 1
| #define HAVE_STRINGS_H 1
| #define HAVE_INTTYPES_H 1
| #define HAVE_STDINT_H 1
| #define HAVE_UNISTD_H 1
| #define HAVE_ARPA_INET_H 1
| #define HAVE_FCNTL_H 1
| #define HAVE_NETINET_IN_H 1
| #define HAVE_STDLIB_H 1
| #define HAVE_STRING_H 1
| #define HAVE_STRINGS_H 1
| #define HAVE_SYS_SOCKET_H 1
| #define HAVE_SYS_TIME_H 1
| #define HAVE_UNISTD_H 1
| #define TIME_WITH_SYS_TIME 1
| #define vfork fork
| #define HAVE_STDLIB_H 1
| #define HAVE_MALLOC 0
| #define malloc rpl_malloc
| /* end confdefs.h.  */
| #include <stdio.h>
| #if HAVE_SYS_TYPES_H
| # include <sys/types.h>
| #endif
| #if HAVE_SYS_STAT_H
| # include <sys/stat.h>
| #endif
| #if STDC_HEADERS
| # include <stdlib.h>
| # include <stddef.h>
| #else
| # if HAVE_STDLIB_H
| #  include <stdlib.h>
| # endif
| #endif
| #if HAVE_STRING_H
| # if !STDC_HEADERS && HAVE_MEMORY_H
| #  include <memory.h>
| # endif
| # include <string.h>
| #endif
| #if HAVE_STRINGS_H
| # include <strings.h>
| #endif
| #if HAVE_INTTYPES_H
| # include <inttypes.h>
| #endif
| #if HAVE_STDINT_H
| # include <stdint.h>
| #endif
| #if HAVE_UNISTD_H
| # include <unistd.h>
| #endif
| int
| main ()
| {
| 
|   /* Some versions of memcmp are not 8-bit clean.  */
|   char c0 = '\100', c1 = '\200', c2 = '\201';
|   if (memcmp(&c0, &c2, 1) >= 0 || memcmp(&c1, &c2, 1) >= 0)
|     return 1;
| 
|   /* The Next x86 OpenStep bug shows up only when comparing 16 bytes
|      or more and with at least one buffer not starting on a 4-byte boundary.
|      William Lewis provided this test program.   */
|   {
|     char foo[21];
|     char bar[21];
|     int i;
|     for (i = 0; i < 4; i++)
|       {
| 	char *a = foo + i;
| 	char *b = bar + i;
| 	strcpy (a, "--------01111111");
| 	strcpy (b, "--------10000000");
| 	if (memcmp (a, b, 16) >= 0)
| 	  return 1;
|       }
|     return 0;
|   }
| 
|   ;
|   return 0;
| }
configure:5525: result: no
configure:5550: checking sys/select.h usability
configure:5567: gcc -c -g -O2  conftest.c >&5
configure:5573: $? = 0
configure:5580: test -z "$ac_c_werror_flag" || test ! -s conftest.err
configure:5583: $? = 0
configure:5590: test -s conftest.o
configure:5593: $? = 0
configure:5604: result: yes
configure:5608: checking sys/select.h presence
configure:5623: gcc -E  conftest.c
configure:5629: $? = 0
configure:5650: result: yes
configure:5678: checking for sys/select.h
configure:5686: result: yes
configure:5540: checking for sys/socket.h
configure:5546: result: yes
configure:5699: checking types of arguments for select
configure:5737: gcc -c -g -O2  conftest.c >&5
configure:5743: $? = 0
configure:5750: test -z "$ac_c_werror_flag" || test ! -s conftest.err
configure:5753: $? = 0
configure:5760: test -s conftest.o
configure:5763: $? = 0
configure:5781: result: int,fd_set *,struct timeval *
configure:5812: checking for memchr
configure:5868: gcc -o conftest -g -O2   conftest.c  -L../lib -lSDL -lpthread -lds40xxhc >&5
conftest.c:61: warning: conflicting types for built-in function 'memchr'
/usr/bin/ld: cannot find -lds40xxhc
collect2: ld returned 1 exit status
configure:5874: $? = 1
configure: failed program was:
| /* confdefs.h.  */
| #define PACKAGE_NAME "codeserver"
| #define PACKAGE_TARNAME "codeserver"
| #define PACKAGE_VERSION "1.22"
| #define PACKAGE_STRING "codeserver 1.22"
| #define PACKAGE_BUGREPORT ""
| #define PACKAGE "codeserver"
| #define VERSION "1.22"
| #define HAVE_SYS_TYPES_H 1
| #define HAVE_SYS_STAT_H 1
| #define HAVE_STDLIB_H 1
| #define HAVE_STRING_H 1
| #define HAVE_MEMORY_H 1
| #define HAVE_STRINGS_H 1
| #define HAVE_INTTYPES_H 1
| #define HAVE_STDINT_H 1
| #define HAVE_UNISTD_H 1
| #define HAVE_ARPA_INET_H 1
| #define HAVE_FCNTL_H 1
| #define HAVE_NETINET_IN_H 1
| #define HAVE_STDLIB_H 1
| #define HAVE_STRING_H 1
| #define HAVE_STRINGS_H 1
| #define HAVE_SYS_SOCKET_H 1
| #define HAVE_SYS_TIME_H 1
| #define HAVE_UNISTD_H 1
| #define TIME_WITH_SYS_TIME 1
| #define vfork fork
| #define HAVE_STDLIB_H 1
| #define HAVE_MALLOC 0
| #define malloc rpl_malloc
| #define HAVE_SYS_SELECT_H 1
| #define HAVE_SYS_SOCKET_H 1
| #define SELECT_TYPE_ARG1 int
| #define SELECT_TYPE_ARG234 (fd_set *)
| #define SELECT_TYPE_ARG5 (struct timeval *)
| /* end confdefs.h.  */
| /* Define memchr to an innocuous variant, in case <limits.h> declares memchr.
|    For example, HP-UX 11i <limits.h> declares gettimeofday.  */
| #define memchr innocuous_memchr
| 
| /* System header to define __stub macros and hopefully few prototypes,
|     which can conflict with char memchr (); below.
|     Prefer <limits.h> to <assert.h> if __STDC__ is defined, since
|     <limits.h> exists even on freestanding compilers.  */
| 
| #ifdef __STDC__
| # include <limits.h>
| #else
| # include <assert.h>
| #endif
| 
| #undef memchr
| 
| /* Override any GCC internal prototype to avoid an error.
|    Use char because int might match the return type of a GCC
|    builtin and then its argument prototype would still apply.  */
| #ifdef __cplusplus
| extern "C"
| #endif
| char memchr ();
| /* The GNU C library defines this for functions which it implements
|     to always fail with ENOSYS.  Some functions are actually named
|     something starting with __ and the normal name is an alias.  */
| #if defined __stub_memchr || defined __stub___memchr
| choke me
| #endif
| 
| int
| main ()
| {
| return memchr ();
|   ;
|   return 0;
| }
configure:5908: result: no
configure:5812: checking for memset
configure:5868: gcc -o conftest -g -O2   conftest.c  -L../lib -lSDL -lpthread -lds40xxhc >&5
conftest.c:61: warning: conflicting types for built-in function 'memset'
/usr/bin/ld: cannot find -lds40xxhc
collect2: ld returned 1 exit status
configure:5874: $? = 1
configure: failed program was:
| /* confdefs.h.  */
| #define PACKAGE_NAME "codeserver"
| #define PACKAGE_TARNAME "codeserver"
| #define PACKAGE_VERSION "1.22"
| #define PACKAGE_STRING "codeserver 1.22"
| #define PACKAGE_BUGREPORT ""
| #define PACKAGE "codeserver"
| #define VERSION "1.22"
| #define HAVE_SYS_TYPES_H 1
| #define HAVE_SYS_STAT_H 1
| #define HAVE_STDLIB_H 1
| #define HAVE_STRING_H 1
| #define HAVE_MEMORY_H 1
| #define HAVE_STRINGS_H 1
| #define HAVE_INTTYPES_H 1
| #define HAVE_STDINT_H 1
| #define HAVE_UNISTD_H 1
| #define HAVE_ARPA_INET_H 1
| #define HAVE_FCNTL_H 1
| #define HAVE_NETINET_IN_H 1
| #define HAVE_STDLIB_H 1
| #define HAVE_STRING_H 1
| #define HAVE_STRINGS_H 1
| #define HAVE_SYS_SOCKET_H 1
| #define HAVE_SYS_TIME_H 1
| #define HAVE_UNISTD_H 1
| #define TIME_WITH_SYS_TIME 1
| #define vfork fork
| #define HAVE_STDLIB_H 1
| #define HAVE_MALLOC 0
| #define malloc rpl_malloc
| #define HAVE_SYS_SELECT_H 1
| #define HAVE_SYS_SOCKET_H 1
| #define SELECT_TYPE_ARG1 int
| #define SELECT_TYPE_ARG234 (fd_set *)
| #define SELECT_TYPE_ARG5 (struct timeval *)
| /* end confdefs.h.  */
| /* Define memset to an innocuous variant, in case <limits.h> declares memset.
|    For example, HP-UX 11i <limits.h> declares gettimeofday.  */
| #define memset innocuous_memset
| 
| /* System header to define __stub macros and hopefully few prototypes,
|     which can conflict with char memset (); below.
|     Prefer <limits.h> to <assert.h> if __STDC__ is defined, since
|     <limits.h> exists even on freestanding compilers.  */
| 
| #ifdef __STDC__
| # include <limits.h>
| #else
| # include <assert.h>
| #endif
| 
| #undef memset
| 
| /* Override any GCC internal prototype to avoid an error.
|    Use char because int might match the return type of a GCC
|    builtin and then its argument prototype would still apply.  */
| #ifdef __cplusplus
| extern "C"
| #endif
| char memset ();
| /* The GNU C library defines this for functions which it implements
|     to always fail with ENOSYS.  Some functions are actually named
|     something starting with __ and the normal name is an alias.  */
| #if defined __stub_memset || defined __stub___memset
| choke me
| #endif
| 
| int
| main ()
| {
| return memset ();
|   ;
|   return 0;
| }
configure:5908: result: no
configure:5812: checking for regcomp
configure:5868: gcc -o conftest -g -O2   conftest.c  -L../lib -lSDL -lpthread -lds40xxhc >&5
/usr/bin/ld: cannot find -lds40xxhc
collect2: ld returned 1 exit status
configure:5874: $? = 1
configure: failed program was:
| /* confdefs.h.  */
| #define PACKAGE_NAME "codeserver"
| #define PACKAGE_TARNAME "codeserver"
| #define PACKAGE_VERSION "1.22"
| #define PACKAGE_STRING "codeserver 1.22"
| #define PACKAGE_BUGREPORT ""
| #define PACKAGE "codeserver"
| #define VERSION "1.22"
| #define HAVE_SYS_TYPES_H 1
| #define HAVE_SYS_STAT_H 1
| #define HAVE_STDLIB_H 1
| #define HAVE_STRING_H 1
| #define HAVE_MEMORY_H 1
| #define HAVE_STRINGS_H 1
| #define HAVE_INTTYPES_H 1
| #define HAVE_STDINT_H 1
| #define HAVE_UNISTD_H 1
| #define HAVE_ARPA_INET_H 1
| #define HAVE_FCNTL_H 1
| #define HAVE_NETINET_IN_H 1
| #define HAVE_STDLIB_H 1
| #define HAVE_STRING_H 1
| #define HAVE_STRINGS_H 1
| #define HAVE_SYS_SOCKET_H 1
| #define HAVE_SYS_TIME_H 1
| #define HAVE_UNISTD_H 1
| #define TIME_WITH_SYS_TIME 1
| #define vfork fork
| #define HAVE_STDLIB_H 1
| #define HAVE_MALLOC 0
| #define malloc rpl_malloc
| #define HAVE_SYS_SELECT_H 1
| #define HAVE_SYS_SOCKET_H 1
| #define SELECT_TYPE_ARG1 int
| #define SELECT_TYPE_ARG234 (fd_set *)
| #define SELECT_TYPE_ARG5 (struct timeval *)
| /* end confdefs.h.  */
| /* Define regcomp to an innocuous variant, in case <limits.h> declares regcomp.
|    For example, HP-UX 11i <limits.h> declares gettimeofday.  */
| #define regcomp innocuous_regcomp
| 
| /* System header to define __stub macros and hopefully few prototypes,
|     which can conflict with char regcomp (); below.
|     Prefer <limits.h> to <assert.h> if __STDC__ is defined, since
|     <limits.h> exists even on freestanding compilers.  */
| 
| #ifdef __STDC__
| # include <limits.h>
| #else
| # include <assert.h>
| #endif
| 
| #undef regcomp
| 
| /* Override any GCC internal prototype to avoid an error.
|    Use char because int might match the return type of a GCC
|    builtin and then its argument prototype would still apply.  */
| #ifdef __cplusplus
| extern "C"
| #endif
| char regcomp ();
| /* The GNU C library defines this for functions which it implements
|     to always fail with ENOSYS.  Some functions are actually named
|     something starting with __ and the normal name is an alias.  */
| #if defined __stub_regcomp || defined __stub___regcomp
| choke me
| #endif
| 
| int
| main ()
| {
| return regcomp ();
|   ;
|   return 0;
| }
configure:5908: result: no
configure:5812: checking for select
configure:5868: gcc -o conftest -g -O2   conftest.c  -L../lib -lSDL -lpthread -lds40xxhc >&5
/usr/bin/ld: cannot find -lds40xxhc
collect2: ld returned 1 exit status
configure:5874: $? = 1
configure: failed program was:
| /* confdefs.h.  */
| #define PACKAGE_NAME "codeserver"
| #define PACKAGE_TARNAME "codeserver"
| #define PACKAGE_VERSION "1.22"
| #define PACKAGE_STRING "codeserver 1.22"
| #define PACKAGE_BUGREPORT ""
| #define PACKAGE "codeserver"
| #define VERSION "1.22"
| #define HAVE_SYS_TYPES_H 1
| #define HAVE_SYS_STAT_H 1
| #define HAVE_STDLIB_H 1
| #define HAVE_STRING_H 1
| #define HAVE_MEMORY_H 1
| #define HAVE_STRINGS_H 1
| #define HAVE_INTTYPES_H 1
| #define HAVE_STDINT_H 1
| #define HAVE_UNISTD_H 1
| #define HAVE_ARPA_INET_H 1
| #define HAVE_FCNTL_H 1
| #define HAVE_NETINET_IN_H 1
| #define HAVE_STDLIB_H 1
| #define HAVE_STRING_H 1
| #define HAVE_STRINGS_H 1
| #define HAVE_SYS_SOCKET_H 1
| #define HAVE_SYS_TIME_H 1
| #define HAVE_UNISTD_H 1
| #define TIME_WITH_SYS_TIME 1
| #define vfork fork
| #define HAVE_STDLIB_H 1
| #define HAVE_MALLOC 0
| #define malloc rpl_malloc
| #define HAVE_SYS_SELECT_H 1
| #define HAVE_SYS_SOCKET_H 1
| #define SELECT_TYPE_ARG1 int
| #define SELECT_TYPE_ARG234 (fd_set *)
| #define SELECT_TYPE_ARG5 (struct timeval *)
| /* end confdefs.h.  */
| /* Define select to an innocuous variant, in case <limits.h> declares select.
|    For example, HP-UX 11i <limits.h> declares gettimeofday.  */
| #define select innocuous_select
| 
| /* System header to define __stub macros and hopefully few prototypes,
|     which can conflict with char select (); below.
|     Prefer <limits.h> to <assert.h> if __STDC__ is defined, since
|     <limits.h> exists even on freestanding compilers.  */
| 
| #ifdef __STDC__
| # include <limits.h>
| #else
| # include <assert.h>
| #endif
| 
| #undef select
| 
| /* Override any GCC internal prototype to avoid an error.
|    Use char because int might match the return type of a GCC
|    builtin and then its argument prototype would still apply.  */
| #ifdef __cplusplus
| extern "C"
| #endif
| char select ();
| /* The GNU C library defines this for functions which it implements
|     to always fail with ENOSYS.  Some functions are actually named
|     something starting with __ and the normal name is an alias.  */
| #if defined __stub_select || defined __stub___select
| choke me
| #endif
| 
| int
| main ()
| {
| return select ();
|   ;
|   return 0;
| }
configure:5908: result: no
configure:5812: checking for socket
configure:5868: gcc -o conftest -g -O2   conftest.c  -L../lib -lSDL -lpthread -lds40xxhc >&5
/usr/bin/ld: cannot find -lds40xxhc
collect2: ld returned 1 exit status
configure:5874: $? = 1
configure: failed program was:
| /* confdefs.h.  */
| #define PACKAGE_NAME "codeserver"
| #define PACKAGE_TARNAME "codeserver"
| #define PACKAGE_VERSION "1.22"
| #define PACKAGE_STRING "codeserver 1.22"
| #define PACKAGE_BUGREPORT ""
| #define PACKAGE "codeserver"
| #define VERSION "1.22"
| #define HAVE_SYS_TYPES_H 1
| #define HAVE_SYS_STAT_H 1
| #define HAVE_STDLIB_H 1
| #define HAVE_STRING_H 1
| #define HAVE_MEMORY_H 1
| #define HAVE_STRINGS_H 1
| #define HAVE_INTTYPES_H 1
| #define HAVE_STDINT_H 1
| #define HAVE_UNISTD_H 1
| #define HAVE_ARPA_INET_H 1
| #define HAVE_FCNTL_H 1
| #define HAVE_NETINET_IN_H 1
| #define HAVE_STDLIB_H 1
| #define HAVE_STRING_H 1
| #define HAVE_STRINGS_H 1
| #define HAVE_SYS_SOCKET_H 1
| #define HAVE_SYS_TIME_H 1
| #define HAVE_UNISTD_H 1
| #define TIME_WITH_SYS_TIME 1
| #define vfork fork
| #define HAVE_STDLIB_H 1
| #define HAVE_MALLOC 0
| #define malloc rpl_malloc
| #define HAVE_SYS_SELECT_H 1
| #define HAVE_SYS_SOCKET_H 1
| #define SELECT_TYPE_ARG1 int
| #define SELECT_TYPE_ARG234 (fd_set *)
| #define SELECT_TYPE_ARG5 (struct timeval *)
| /* end confdefs.h.  */
| /* Define socket to an innocuous variant, in case <limits.h> declares socket.
|    For example, HP-UX 11i <limits.h> declares gettimeofday.  */
| #define socket innocuous_socket
| 
| /* System header to define __stub macros and hopefully few prototypes,
|     which can conflict with char socket (); below.
|     Prefer <limits.h> to <assert.h> if __STDC__ is defined, since
|     <limits.h> exists even on freestanding compilers.  */
| 
| #ifdef __STDC__
| # include <limits.h>
| #else
| # include <assert.h>
| #endif
| 
| #undef socket
| 
| /* Override any GCC internal prototype to avoid an error.
|    Use char because int might match the return type of a GCC
|    builtin and then its argument prototype would still apply.  */
| #ifdef __cplusplus
| extern "C"
| #endif
| char socket ();
| /* The GNU C library defines this for functions which it implements
|     to always fail with ENOSYS.  Some functions are actually named
|     something starting with __ and the normal name is an alias.  */
| #if defined __stub_socket || defined __stub___socket
| choke me
| #endif
| 
| int
| main ()
| {
| return socket ();
|   ;
|   return 0;
| }
configure:5908: result: no
configure:6065: creating ./config.status

## ---------------------- ##
## Running config.status. ##
## ---------------------- ##

This file was extended by codeserver config.status 1.22, which was
generated by GNU Autoconf 2.60.  Invocation command line was

  CONFIG_FILES    = 
  CONFIG_HEADERS  = 
  CONFIG_LINKS    = 
  CONFIG_COMMANDS = 
  $ ./config.status 

on zenki-laptop

config.status:603: creating Makefile
config.status:788: executing depfiles commands

## ---------------- ##
## Cache variables. ##
## ---------------- ##

ac_cv_c_compiler_gnu=yes
ac_cv_c_const=yes
ac_cv_env_CC_set=
ac_cv_env_CC_value=
ac_cv_env_CFLAGS_set=
ac_cv_env_CFLAGS_value=
ac_cv_env_CPPFLAGS_set=
ac_cv_env_CPPFLAGS_value=
ac_cv_env_CPP_set=
ac_cv_env_CPP_value=
ac_cv_env_LDFLAGS_set=
ac_cv_env_LDFLAGS_value=
ac_cv_env_build_alias_set=
ac_cv_env_build_alias_value=
ac_cv_env_host_alias_set=
ac_cv_env_host_alias_value=
ac_cv_env_target_alias_set=
ac_cv_env_target_alias_value=
ac_cv_func_fork=no
ac_cv_func_fork_works=no
ac_cv_func_malloc_0_nonnull=no
ac_cv_func_memchr=no
ac_cv_func_memcmp_working=no
ac_cv_func_memset=no
ac_cv_func_regcomp=no
ac_cv_func_select=no
ac_cv_func_select_args='int,fd_set *,struct timeval *'
ac_cv_func_socket=no
ac_cv_func_vfork=no
ac_cv_func_vfork_works=no
ac_cv_header_arpa_inet_h=yes
ac_cv_header_fcntl_h=yes
ac_cv_header_inttypes_h=yes
ac_cv_header_memory_h=yes
ac_cv_header_netinet_in_h=yes
ac_cv_header_stdc=no
ac_cv_header_stdint_h=yes
ac_cv_header_stdlib_h=yes
ac_cv_header_string_h=yes
ac_cv_header_strings_h=yes
ac_cv_header_sys_select_h=yes
ac_cv_header_sys_socket_h=yes
ac_cv_header_sys_stat_h=yes
ac_cv_header_sys_time_h=yes
ac_cv_header_sys_types_h=yes
ac_cv_header_time=yes
ac_cv_header_unistd_h=yes
ac_cv_header_vfork_h=no
ac_cv_objext=o
ac_cv_path_EGREP='/bin/grep -E'
ac_cv_path_GREP=/bin/grep
ac_cv_path_install='/usr/bin/install -c'
ac_cv_prog_AWK=mawk
ac_cv_prog_CPP='gcc -E'
ac_cv_prog_ac_ct_CC=gcc
ac_cv_prog_cc_c89=
ac_cv_prog_cc_g=yes
ac_cv_prog_make_make_set=yes
ac_cv_struct_tm=time.h
ac_cv_type_pid_t=yes
ac_cv_type_size_t=yes
am_cv_CC_dependencies_compiler_type=gcc3

## ----------------- ##
## Output variables. ##
## ----------------- ##

ACLOCAL='${SHELL} /home/zenki/c/automake/codeServer-v1.22/missing --run aclocal-1.9'
AMDEPBACKSLASH='\'
AMDEP_FALSE='#'
AMDEP_TRUE=''
AMTAR='${SHELL} /home/zenki/c/automake/codeServer-v1.22/missing --run tar'
AUTOCONF='${SHELL} /home/zenki/c/automake/codeServer-v1.22/missing --run autoconf'
AUTOHEADER='${SHELL} /home/zenki/c/automake/codeServer-v1.22/missing --run autoheader'
AUTOMAKE='${SHELL} /home/zenki/c/automake/codeServer-v1.22/missing --run automake-1.9'
AWK='mawk'
CC='gcc'
CCDEPMODE='depmode=gcc3'
CFLAGS='-g -O2'
CPP='gcc -E'
CPPFLAGS=''
CYGPATH_W='echo'
DEFS='-DPACKAGE_NAME=\"codeserver\" -DPACKAGE_TARNAME=\"codeserver\" -DPACKAGE_VERSION=\"1.22\" -DPACKAGE_STRING=\"codeserver\ 1.22\" -DPACKAGE_BUGREPORT=\"\" -DPACKAGE=\"codeserver\" -DVERSION=\"1.22\" -DHAVE_SYS_TYPES_H=1 -DHAVE_SYS_STAT_H=1 -DHAVE_STDLIB_H=1 -DHAVE_STRING_H=1 -DHAVE_MEMORY_H=1 -DHAVE_STRINGS_H=1 -DHAVE_INTTYPES_H=1 -DHAVE_STDINT_H=1 -DHAVE_UNISTD_H=1 -DHAVE_ARPA_INET_H=1 -DHAVE_FCNTL_H=1 -DHAVE_NETINET_IN_H=1 -DHAVE_STDLIB_H=1 -DHAVE_STRING_H=1 -DHAVE_STRINGS_H=1 -DHAVE_SYS_SOCKET_H=1 -DHAVE_SYS_TIME_H=1 -DHAVE_UNISTD_H=1 -DTIME_WITH_SYS_TIME=1 -Dvfork=fork -DHAVE_STDLIB_H=1 -DHAVE_MALLOC=0 -Dmalloc=rpl_malloc -DHAVE_SYS_SELECT_H=1 -DHAVE_SYS_SOCKET_H=1 -DSELECT_TYPE_ARG1=int -DSELECT_TYPE_ARG234=\(fd_set\ \*\) -DSELECT_TYPE_ARG5=\(struct\ timeval\ \*\)'
DEPDIR='.deps'
ECHO_C=''
ECHO_N='-n'
ECHO_T=''
EGREP='/bin/grep -E'
EXEEXT=''
GREP='/bin/grep'
INSTALL_DATA='${INSTALL} -m 644'
INSTALL_PROGRAM='${INSTALL}'
INSTALL_SCRIPT='${INSTALL}'
INSTALL_STRIP_PROGRAM='${SHELL} $(install_sh) -c -s'
LDFLAGS=''
LIBOBJS=' ${LIBOBJDIR}malloc$U.o ${LIBOBJDIR}memcmp$U.o'
LIBS=' -L../lib -lSDL -lpthread -lds40xxhc'
LTLIBOBJS=' ${LIBOBJDIR}malloc$U.lo ${LIBOBJDIR}memcmp$U.lo'
MAKEINFO='${SHELL} /home/zenki/c/automake/codeServer-v1.22/missing --run makeinfo'
OBJEXT='o'
PACKAGE='codeserver'
PACKAGE_BUGREPORT=''
PACKAGE_NAME='codeserver'
PACKAGE_STRING='codeserver 1.22'
PACKAGE_TARNAME='codeserver'
PACKAGE_VERSION='1.22'
PATH_SEPARATOR=':'
SET_MAKE=''
SHELL='/bin/sh'
STRIP=''
VERSION='1.22'
ac_ct_CC='gcc'
am__fastdepCC_FALSE='#'
am__fastdepCC_TRUE=''
am__include='include'
am__leading_dot='.'
am__quote=''
am__tar='${AMTAR} chof - "$$tardir"'
am__untar='${AMTAR} xf -'
bindir='${exec_prefix}/bin'
build_alias=''
datadir='${datarootdir}'
datarootdir='${prefix}/share'
docdir='${datarootdir}/doc/${PACKAGE_TARNAME}'
dvidir='${docdir}'
exec_prefix='${prefix}'
host_alias=''
htmldir='${docdir}'
includedir='${prefix}/include'
infodir='${datarootdir}/info'
install_sh='/home/zenki/c/automake/codeServer-v1.22/install-sh'
libdir='${exec_prefix}/lib'
libexecdir='${exec_prefix}/libexec'
localedir='${datarootdir}/locale'
localstatedir='${prefix}/var'
mandir='${datarootdir}/man'
mkdir_p='mkdir -p --'
oldincludedir='/usr/include'
pdfdir='${docdir}'
prefix='/usr/local'
program_transform_name='s,x,x,'
psdir='${docdir}'
sbindir='${exec_prefix}/sbin'
sharedstatedir='${prefix}/com'
sysconfdir='${prefix}/etc'
target_alias=''

## ----------- ##
## confdefs.h. ##
## ----------- ##

#define PACKAGE_NAME "codeserver"
#define PACKAGE_TARNAME "codeserver"
#define PACKAGE_VERSION "1.22"
#define PACKAGE_STRING "codeserver 1.22"
#define PACKAGE_BUGREPORT ""
#define PACKAGE "codeserver"
#define VERSION "1.22"
#define HAVE_SYS_TYPES_H 1
#define HAVE_SYS_STAT_H 1
#define HAVE_STDLIB_H 1
#define HAVE_STRING_H 1
#define HAVE_MEMORY_H 1
#define HAVE_STRINGS_H 1
#define HAVE_INTTYPES_H 1
#define HAVE_STDINT_H 1
#define HAVE_UNISTD_H 1
#define HAVE_ARPA_INET_H 1
#define HAVE_FCNTL_H 1
#define HAVE_NETINET_IN_H 1
#define HAVE_STDLIB_H 1
#define HAVE_STRING_H 1
#define HAVE_STRINGS_H 1
#define HAVE_SYS_SOCKET_H 1
#define HAVE_SYS_TIME_H 1
#define HAVE_UNISTD_H 1
#define TIME_WITH_SYS_TIME 1
#define vfork fork
#define HAVE_STDLIB_H 1
#define HAVE_MALLOC 0
#define malloc rpl_malloc
#define HAVE_SYS_SELECT_H 1
#define HAVE_SYS_SOCKET_H 1
#define SELECT_TYPE_ARG1 int
#define SELECT_TYPE_ARG234 (fd_set *)
#define SELECT_TYPE_ARG5 (struct timeval *)

configure: exit 0
